<?xml version="1.0" encoding="UTF-8" ?>
<testsuites>
  <testsuite errors="0" failures="0" hostname="CEI-00655" id="0" name="TestHijworld" package="" skipped="0" tests="2" time="0.27" timestamp="2021-01-28T17:42:29">
      <properties>
[...]
</properties>

      <testcase classname="TestHijworld" name="testWillAlwaysFail" time="0.0" />

      <testcase classname="TestHijworld" name="testNothing" time="0.008" />

      <system-out><![CDATA[]]></system-out>

      <system-err><![CDATA[]]></system-err>

  </testsuite>
  <testsuite errors="0" failures="0" hostname="CEI-00655" id="1" name="TestMathUtil" package="" skipped="0" tests="6" time="0.129" timestamp="2021-01-28T17:42:30">
      <properties>
[...]
</properties>

      <testcase classname="TestMathUtil" name="testSumFunc1" time="0.001" />

      <testcase classname="TestMathUtil" name="testSumFunc2" time="0.0" />

      <testcase classname="TestMathUtil" name="testMathFunc1" time="0.006" />

      <testcase classname="TestMathUtil" name="testDiffFunc1" time="0.0" />

      <testcase classname="TestMathUtil" name="testDiffFunc2" time="0.0" />

      <testcase classname="TestMathUtil" name="testPrintMessage" time="0.0" />

      <system-out><![CDATA[Inside testsumFunc1()
Inside testsumFunc2()
Inside testMathFunc1()
IP - 5 IP - 10
Welcome 2 math world
IP - 5 IP - 10
Welcome 2 math world
IP - 5 IP - 10
Welcome 2 math world
IP - 5 IP - 10
Welcome 2 math world
IP - 5 IP - 10
Welcome 2 math world
Inside testDiffFunc1()
Inside testDiffFunc2()
Inside testPrintMessage() of mathworld
Welcome 2 math world
]]></system-out>

      <system-err><![CDATA[]]></system-err>

  </testsuite>
  <testsuite errors="0" failures="0" hostname="CEI-00655" id="2" name="TestMessageUtil" package="" skipped="0" tests="2" time="0.125" timestamp="2021-01-28T17:42:31">
      <properties>
[...]
</properties>

      <testcase classname="TestMessageUtil" name="testSalutationMessage" time="0.005" />

      <testcase classname="TestMessageUtil" name="testPrintMessage" time="0.0" />

      <system-out><![CDATA[Inside testSalutationMessage()
Hi! Robert1
Inside testPrintMessage()
Robert1
]]></system-out>

      <system-err><![CDATA[]]></system-err>

  </testsuite>
</testsuites>
